#
# There is insufficient memory for the Java Runtime Environment to continue.
# Native memory allocation (malloc) failed to allocate 1248576 bytes for Chunk::new
# Possible reasons:
#   The system is out of physical RAM or swap space
#   In 32 bit mode, the process size limit was hit
# Possible solutions:
#   Reduce memory load on the system
#   Increase physical memory or swap space
#   Check if swap backing store is full
#   Use 64 bit Java on a 64 bit OS
#   Decrease Java heap size (-Xmx/-Xms)
#   Decrease number of Java threads
#   Decrease Java thread stack sizes (-Xss)
#   Set larger code cache with -XX:ReservedCodeCacheSize=
# This output file may be truncated or incomplete.
#
#  Out of Memory Error (allocation.cpp:390), pid=6768, tid=5184
#
# JRE version: Java(TM) SE Runtime Environment (8.0_60-b27) (build 1.8.0_60-b27)
# Java VM: Java HotSpot(TM) 64-Bit Server VM (25.60-b23 mixed mode windows-amd64 compressed oops)
# Failed to write core dump. Minidumps are not enabled by default on client versions of Windows
#

---------------  T H R E A D  ---------------

Current thread (0x00000000146f9800):  JavaThread "C2 CompilerThread0" daemon [_thread_in_native, id=5184, stack(0x0000000015d60000,0x0000000015e60000)]

Stack: [0x0000000015d60000,0x0000000015e60000]
[error occurred during error reporting (printing stack bounds), id 0xc0000005]

Native frames: (J=compiled Java code, j=interpreted, Vv=VM code, C=native code)


Current CompileTask:
C2:   2951 1962       4       com.android.dx.merge.IndexMap$EncodedValueTransformer::transform (495 bytes)


---------------  P R O C E S S  ---------------

Java Threads: ( => current thread )
  0x0000000014751800 JavaThread "Service Thread" daemon [_thread_blocked, id=4752, stack(0x0000000016060000,0x0000000016160000)]
  0x0000000014704000 JavaThread "C1 CompilerThread2" daemon [_thread_blocked, id=2116, stack(0x0000000015f60000,0x0000000016060000)]
  0x0000000014700000 JavaThread "C2 CompilerThread1" daemon [_thread_in_native, id=4320, stack(0x0000000015e60000,0x0000000015f60000)]
=>0x00000000146f9800 JavaThread "C2 CompilerThread0" daemon [_thread_in_native, id=5184, stack(0x0000000015d60000,0x0000000015e60000)]
  0x00000000146f8800 JavaThread "Attach Listener" daemon [_thread_blocked, id=2620, stack(0x0000000015c60000,0x0000000015d60000)]
  0x00000000146f7800 JavaThread "Signal Dispatcher" daemon [_thread_blocked, id=4404, stack(0x0000000015b60000,0x0000000015c60000)]
  0x0000000001f66000 JavaThread "Finalizer" daemon [_thread_blocked, id=564, stack(0x0000000015980000,0x0000000015a80000)]
  0x0000000001f5d000 JavaThread "Reference Handler" daemon [_thread_blocked, id=6180, stack(0x0000000015880000,0x0000000015980000)]
  0x0000000001e70800 JavaThread "main" [_thread_in_Java, id=6772, stack(0x0000000000610000,0x0000000000710000)]

Other Threads:
  0x00000000146c7800 VMThread [stack: 0x0000000015780000,0x0000000015880000] [id=7936]
  0x0000000016178800 WatcherThread [stack: 0x0000000016560000,0x0000000016660000] [id=1228]

VM state:not at safepoint (normal execution)

VM Mutex/Monitor currently owned by a thread: None

Heap:
 PSYoungGen      total 68096K, used 19712K [0x00000000eab00000, 0x00000000ef000000, 0x0000000100000000)
  eden space 65536K, 30% used [0x00000000eab00000,0x00000000ebe40298,0x00000000eeb00000)
  from space 2560K, 0% used [0x00000000eed80000,0x00000000eed80000,0x00000000ef000000)
  to   space 2560K, 0% used [0x00000000eeb00000,0x00000000eeb00000,0x00000000eed80000)
 ParOldGen       total 56320K, used 13828K [0x00000000c0000000, 0x00000000c3700000, 0x00000000eab00000)
  object space 56320K, 24% used [0x00000000c0000000,0x00000000c0d813f8,0x00000000c3700000)
 Metaspace       used 7248K, capacity 7832K, committed 8064K, reserved 1056768K
  class space    used 736K, capacity 784K, committed 896K, reserved 1048576K

Card table byte_map: [0x00000000113f0000,0x0000000011600000] byte_map_base: 0x0000000010df0000

Marking Bits: (ParMarkBitMap*) 0x000000005f22a5b0
 Begin Bits: [0x0000000011b60000, 0x0000000012b60000)
 End Bits:   [0x0000000012b60000, 0x0000000013b60000)

Polling page: 0x00000000004b0000

CodeCache: size=245760Kb used=6326Kb max_used=6337Kb free=239433Kb
 bounds [0x0000000002030000, 0x0000000002670000, 0x0000000011030000]
 total_blobs=2277 nmethods=1985 adapters=205
 compilation: enabled

Compilation events (10 events):
Event: 2.921 Thread 0x0000000014700000 nmethod 2007% 0x000000000265ef10 code [0x000000000265f060, 0x000000000265f188]
Event: 2.921 Thread 0x0000000014700000 1885       4       com.android.dex.Dex$Section::<init> (8 bytes)
Event: 2.922 Thread 0x0000000014700000 nmethod 1885 0x00000000025e1bd0 code [0x00000000025e1d00, 0x00000000025e1d98]
Event: 2.922 Thread 0x0000000014700000 1888       4       com.android.dex.Dex$Section::<init> (28 bytes)
Event: 2.923 Thread 0x0000000014700000 nmethod 1888 0x00000000025f5b10 code [0x00000000025f5c40, 0x00000000025f5cd8]
Event: 2.923 Thread 0x0000000014700000 2008 %     4       com.android.dx.merge.DexMerger$IdMerger::mergeSorted @ 125 (381 bytes)
Event: 2.934 Thread 0x0000000014700000 nmethod 2008% 0x0000000002667ed0 code [0x0000000002668060, 0x0000000002668798]
Event: 2.934 Thread 0x0000000014700000 2009       4       com.android.dx.merge.DexMerger$2::read (8 bytes)
Event: 2.938 Thread 0x0000000014700000 nmethod 2009 0x000000000265c550 code [0x000000000265c6c0, 0x000000000265c998]
Event: 2.939 Thread 0x0000000014700000 2012       4       com.android.dx.merge.IndexMap::adjustTypeList (58 bytes)

GC Heap History (10 events):
Event: 1.179 GC heap before
{Heap before GC invocations=1 (full 0):
 PSYoungGen      total 18944K, used 16384K [0x00000000eab00000, 0x00000000ec000000, 0x0000000100000000)
  eden space 16384K, 100% used [0x00000000eab00000,0x00000000ebb00000,0x00000000ebb00000)
  from space 2560K, 0% used [0x00000000ebd80000,0x00000000ebd80000,0x00000000ec000000)
  to   space 2560K, 0% used [0x00000000ebb00000,0x00000000ebb00000,0x00000000ebd80000)
 ParOldGen       total 44032K, used 0K [0x00000000c0000000, 0x00000000c2b00000, 0x00000000eab00000)
  object space 44032K, 0% used [0x00000000c0000000,0x00000000c0000000,0x00000000c2b00000)
 Metaspace       used 5543K, capacity 6768K, committed 7040K, reserved 1056768K
  class space    used 573K, capacity 616K, committed 640K, reserved 1048576K
Event: 1.194 GC heap after
Heap after GC invocations=1 (full 0):
 PSYoungGen      total 18944K, used 2545K [0x00000000eab00000, 0x00000000ed000000, 0x0000000100000000)
  eden space 16384K, 0% used [0x00000000eab00000,0x00000000eab00000,0x00000000ebb00000)
  from space 2560K, 99% used [0x00000000ebb00000,0x00000000ebd7c760,0x00000000ebd80000)
  to   space 2560K, 0% used [0x00000000ecd80000,0x00000000ecd80000,0x00000000ed000000)
 ParOldGen       total 44032K, used 2081K [0x00000000c0000000, 0x00000000c2b00000, 0x00000000eab00000)
  object space 44032K, 4% used [0x00000000c0000000,0x00000000c0208698,0x00000000c2b00000)
 Metaspace       used 5543K, capacity 6768K, committed 7040K, reserved 1056768K
  class space    used 573K, capacity 616K, committed 640K, reserved 1048576K
}
Event: 2.136 GC heap before
{Heap before GC invocations=2 (full 0):
 PSYoungGen      total 18944K, used 18929K [0x00000000eab00000, 0x00000000ed000000, 0x0000000100000000)
  eden space 16384K, 100% used [0x00000000eab00000,0x00000000ebb00000,0x00000000ebb00000)
  from space 2560K, 99% used [0x00000000ebb00000,0x00000000ebd7c760,0x00000000ebd80000)
  to   space 2560K, 0% used [0x00000000ecd80000,0x00000000ecd80000,0x00000000ed000000)
 ParOldGen       total 44032K, used 2081K [0x00000000c0000000, 0x00000000c2b00000, 0x00000000eab00000)
  object space 44032K, 4% used [0x00000000c0000000,0x00000000c0208698,0x00000000c2b00000)
 Metaspace       used 7085K, capacity 7704K, committed 8064K, reserved 1056768K
  class space    used 736K, capacity 784K, committed 896K, reserved 1048576K
Event: 2.145 GC heap after
Heap after GC invocations=2 (full 0):
 PSYoungGen      total 35328K, used 2554K [0x00000000eab00000, 0x00000000ed000000, 0x0000000100000000)
  eden space 32768K, 0% used [0x00000000eab00000,0x00000000eab00000,0x00000000ecb00000)
  from space 2560K, 99% used [0x00000000ecd80000,0x00000000ecffe8b8,0x00000000ed000000)
  to   space 2560K, 0% used [0x00000000ecb00000,0x00000000ecb00000,0x00000000ecd80000)
 ParOldGen       total 44032K, used 5964K [0x00000000c0000000, 0x00000000c2b00000, 0x00000000eab00000)
  object space 44032K, 13% used [0x00000000c0000000,0x00000000c05d3150,0x00000000c2b00000)
 Metaspace       used 7085K, capacity 7704K, committed 8064K, reserved 1056768K
  class space    used 736K, capacity 784K, committed 896K, reserved 1048576K
}
Event: 2.510 GC heap before
{Heap before GC invocations=3 (full 0):
 PSYoungGen      total 35328K, used 35322K [0x00000000eab00000, 0x00000000ed000000, 0x0000000100000000)
  eden space 32768K, 100% used [0x00000000eab00000,0x00000000ecb00000,0x00000000ecb00000)
  from space 2560K, 99% used [0x00000000ecd80000,0x00000000ecffe8b8,0x00000000ed000000)
  to   space 2560K, 0% used [0x00000000ecb00000,0x00000000ecb00000,0x00000000ecd80000)
 ParOldGen       total 44032K, used 5964K [0x00000000c0000000, 0x00000000c2b00000, 0x00000000eab00000)
  object space 44032K, 13% used [0x00000000c0000000,0x00000000c05d3150,0x00000000c2b00000)
 Metaspace       used 7224K, capacity 7768K, committed 8064K, reserved 1056768K
  class space    used 736K, capacity 784K, committed 896K, reserved 1048576K
Event: 2.540 GC heap after
Heap after GC invocations=3 (full 0):
 PSYoungGen      total 35328K, used 2542K [0x00000000eab00000, 0x00000000ef000000, 0x0000000100000000)
  eden space 32768K, 0% used [0x00000000eab00000,0x00000000eab00000,0x00000000ecb00000)
  from space 2560K, 99% used [0x00000000ecb00000,0x00000000ecd7b9e8,0x00000000ecd80000)
  to   space 2560K, 0% used [0x00000000eed80000,0x00000000eed80000,0x00000000ef000000)
 ParOldGen       total 44032K, used 16930K [0x00000000c0000000, 0x00000000c2b00000, 0x00000000eab00000)
  object space 44032K, 38% used [0x00000000c0000000,0x00000000c1088af8,0x00000000c2b00000)
 Metaspace       used 7224K, capacity 7768K, committed 8064K, reserved 1056768K
  class space    used 736K, capacity 784K, committed 896K, reserved 1048576K
}
Event: 2.728 GC heap before
{Heap before GC invocations=4 (full 0):
 PSYoungGen      total 35328K, used 35310K [0x00000000eab00000, 0x00000000ef000000, 0x0000000100000000)
  eden space 32768K, 100% used [0x00000000eab00000,0x00000000ecb00000,0x00000000ecb00000)
  from space 2560K, 99% used [0x00000000ecb00000,0x00000000ecd7b9e8,0x00000000ecd80000)
  to   space 2560K, 0% used [0x00000000eed80000,0x00000000eed80000,0x00000000ef000000)
 ParOldGen       total 44032K, used 16930K [0x00000000c0000000, 0x00000000c2b00000, 0x00000000eab00000)
  object space 44032K, 38% used [0x00000000c0000000,0x00000000c1088af8,0x00000000c2b00000)
 Metaspace       used 7248K, capacity 7832K, committed 8064K, reserved 1056768K
  class space    used 736K, capacity 784K, committed 896K, reserved 1048576K
Event: 2.761 GC heap after
Heap after GC invocations=4 (full 0):
 PSYoungGen      total 68096K, used 2554K [0x00000000eab00000, 0x00000000ef000000, 0x0000000100000000)
  eden space 65536K, 0% used [0x00000000eab00000,0x00000000eab00000,0x00000000eeb00000)
  from space 2560K, 99% used [0x00000000eed80000,0x00000000eeffe848,0x00000000ef000000)
  to   space 2560K, 0% used [0x00000000eeb00000,0x00000000eeb00000,0x00000000eed80000)
 ParOldGen       total 44032K, used 37334K [0x00000000c0000000, 0x00000000c2b00000, 0x00000000eab00000)
  object space 44032K, 84% used [0x00000000c0000000,0x00000000c2475918,0x00000000c2b00000)
 Metaspace       used 7248K, capacity 7832K, committed 8064K, reserved 1056768K
  class space    used 736K, capacity 784K, committed 896K, reserved 1048576K
}
Event: 2.761 GC heap before
{Heap before GC invocations=5 (full 1):
 PSYoungGen      total 68096K, used 2554K [0x00000000eab00000, 0x00000000ef000000, 0x0000000100000000)
  eden space 65536K, 0% used [0x00000000eab00000,0x00000000eab00000,0x00000000eeb00000)
  from space 2560K, 99% used [0x00000000eed80000,0x00000000eeffe848,0x00000000ef000000)
  to   space 2560K, 0% used [0x00000000eeb00000,0x00000000eeb00000,0x00000000eed80000)
 ParOldGen       total 44032K, used 37334K [0x00000000c0000000, 0x00000000c2b00000, 0x00000000eab00000)
  object space 44032K, 84% used [0x00000000c0000000,0x00000000c2475918,0x00000000c2b00000)
 Metaspace       used 7248K, capacity 7832K, committed 8064K, reserved 1056768K
  class space    used 736K, capacity 784K, committed 896K, reserved 1048576K
Event: 2.803 GC heap after
Heap after GC invocations=5 (full 1):
 PSYoungGen      total 68096K, used 0K [0x00000000eab00000, 0x00000000ef000000, 0x0000000100000000)
  eden space 65536K, 0% used [0x00000000eab00000,0x00000000eab00000,0x00000000eeb00000)
  from space 2560K, 0% used [0x00000000eed80000,0x00000000eed80000,0x00000000ef000000)
  to   space 2560K, 0% used [0x00000000eeb00000,0x00000000eeb00000,0x00000000eed80000)
 ParOldGen       total 56320K, used 13828K [0x00000000c0000000, 0x00000000c3700000, 0x00000000eab00000)
  object space 56320K, 24% used [0x00000000c0000000,0x00000000c0d813f8,0x00000000c3700000)
 Metaspace       used 7248K, capacity 7832K, committed 8064K, reserved 1056768K
  class space    used 736K, capacity 784K, committed 896K, reserved 1048576K
}

Deoptimization events (10 events):
Event: 1.821 Thread 0x0000000001e70800 Uncommon trap: reason=unstable_if action=reinterpret pc=0x00000000023b442c method=java.util.Arrays.copyOf([Ljava/lang/Object;ILjava/lang/Class;)[Ljava/lang/Object; @ 3
Event: 1.822 Thread 0x0000000001e70800 Uncommon trap: reason=speculate_class_check action=maybe_recompile pc=0x000000000244a1dc method=java.util.HashMap.putVal(ILjava/lang/Object;Ljava/lang/Object;ZZ)Ljava/lang/Object; @ 56
Event: 1.822 Thread 0x0000000001e70800 Uncommon trap: reason=speculate_class_check action=maybe_recompile pc=0x000000000244a23c method=java.util.HashMap.putVal(ILjava/lang/Object;Ljava/lang/Object;ZZ)Ljava/lang/Object; @ 152
Event: 1.822 Thread 0x0000000001e70800 Uncommon trap: reason=speculate_class_check action=maybe_recompile pc=0x000000000244a1dc method=java.util.HashMap.putVal(ILjava/lang/Object;Ljava/lang/Object;ZZ)Ljava/lang/Object; @ 56
Event: 1.822 Thread 0x0000000001e70800 Uncommon trap: reason=speculate_class_check action=maybe_recompile pc=0x000000000244a1dc method=java.util.HashMap.putVal(ILjava/lang/Object;Ljava/lang/Object;ZZ)Ljava/lang/Object; @ 56
Event: 1.822 Thread 0x0000000001e70800 Uncommon trap: reason=class_check action=maybe_recompile pc=0x00000000024504e8 method=java.util.HashMap.putVal(ILjava/lang/Object;Ljava/lang/Object;ZZ)Ljava/lang/Object; @ 56
Event: 1.822 Thread 0x0000000001e70800 Uncommon trap: reason=class_check action=maybe_recompile pc=0x00000000024504e8 method=java.util.HashMap.putVal(ILjava/lang/Object;Ljava/lang/Object;ZZ)Ljava/lang/Object; @ 56
Event: 2.038 Thread 0x0000000001e70800 Uncommon trap: reason=unstable_if action=reinterpret pc=0x00000000024c02c4 method=java.util.HashMap.putVal(ILjava/lang/Object;Ljava/lang/Object;ZZ)Ljava/lang/Object; @ 162
Event: 2.039 Thread 0x0000000001e70800 Uncommon trap: reason=unstable_if action=reinterpret pc=0x00000000024c33e8 method=java.util.HashMap.putVal(ILjava/lang/Object;Ljava/lang/Object;ZZ)Ljava/lang/Object; @ 162
Event: 2.160 Thread 0x0000000001e70800 Uncommon trap: reason=predicate action=maybe_recompile pc=0x0000000002548464 method=com.android.dex.Leb128.readUnsignedLeb128(Lcom/android/dex/util/ByteInput;)I @ 41

Internal exceptions (3 events):
Event: 0.255 Thread 0x0000000001e70800 Exception <a 'java/lang/NoSuchMethodError': Method sun.misc.Unsafe.defineClass(Ljava/lang/String;[BII)Ljava/lang/Class; name or signature does not match> (0x00000000eab0d3b8) thrown at [C:\re\workspace\8-2-build-windows-amd64-cygwin\jdk8u60\4407\hotspot\sraRE\æKÐ?
Event: 0.255 Thread 0x0000000001e70800 Exception <a 'java/lang/NoSuchMethodError': Method sun.misc.Unsafe.prefetchRead(Ljava/lang/Object;J)V name or signature does not match> (0x00000000eab0d6a0) thrown at [C:\re\workspace\8-2-build-windows-amd64-cygwin\jdk8u60\4407\hotspot\src\share\vm\prims\jø5²<Fò?
Event: 1.142 Thread 0x000000001629a800 Implicit null exception at 0x0000000002316622 to 0x000000000231671a

Events (10 events):
Event: 2.398 loading class com/android/dex/Dex$1
Event: 2.398 loading class com/android/dex/Dex$1 done
Event: 2.510 Executing VM operation: ParallelGCFailedAllocation
Event: 2.540 Executing VM operation: ParallelGCFailedAllocation done
Event: 2.728 Executing VM operation: ParallelGCFailedAllocation
Event: 2.803 Executing VM operation: ParallelGCFailedAllocation done
Event: 2.940 Thread 0x0000000001e70800 DEOPT PACKING pc=0x0000000002617f69 sp=0x000000000070f470
Event: 2.940 Thread 0x0000000001e70800 DEOPT UNPACKING pc=0x000000000207787f sp=0x000000000070f1f0 mode 0
Event: 2.943 Thread 0x0000000001e70800 DEOPT PACKING pc=0x0000000002617f69 sp=0x000000000070f470
Event: 2.943 Thread 0x0000000001e70800 DEOPT UNPACKING pc=0x000000000207787f sp=0x000000000070f1f0 mode 0


Dynamic libraries:
0x00007ff62c530000 - 0x00007ff62c567000 	C:\Program Files\Java\jdk1.8.0_60\bin\java.exe
0x00007ffbda2c0000 - 0x00007ffbda46c000 	C:\Windows\SYSTEM32\ntdll.dll
0x00007ffbd8f40000 - 0x00007ffbd907e000 	C:\Windows\system32\KERNEL32.DLL
0x00007ffbd74f0000 - 0x00007ffbd7605000 	C:\Windows\system32\KERNELBASE.dll
0x00007ffbd5d10000 - 0x00007ffbd5d9e000 	C:\Windows\system32\apphelp.dll
0x00007ffbd0840000 - 0x00007ffbd0893000 	C:\Windows\AppPatch\AppPatch64\AcGenral.DLL
0x00007ffbda0b0000 - 0x00007ffbda15a000 	C:\Windows\system32\msvcrt.dll
0x00007ffbd71f0000 - 0x00007ffbd721e000 	C:\Windows\SYSTEM32\SspiCli.dll
0x00007ffbd8ee0000 - 0x00007ffbd8f34000 	C:\Windows\system32\SHLWAPI.dll
0x00007ffbd9920000 - 0x00007ffbd9a97000 	C:\Windows\system32\USER32.dll
0x00007ffbd9670000 - 0x00007ffbd9804000 	C:\Windows\system32\ole32.dll
0x00007ffbd79c0000 - 0x00007ffbd8ed9000 	C:\Windows\system32\SHELL32.dll
0x00007ffbd69c0000 - 0x00007ffbd69e1000 	C:\Windows\SYSTEM32\USERENV.dll
0x00007ffbd9450000 - 0x00007ffbd94fa000 	C:\Windows\system32\ADVAPI32.dll
0x00007ffbcf760000 - 0x00007ffbcf77e000 	C:\Windows\SYSTEM32\MPR.dll
0x00007ffbd9cf0000 - 0x00007ffbd9e31000 	C:\Windows\system32\RPCRT4.dll
0x00007ffbd9bc0000 - 0x00007ffbd9c19000 	C:\Windows\SYSTEM32\sechost.dll
0x00007ffbd9080000 - 0x00007ffbd9291000 	C:\Windows\SYSTEM32\combase.dll
0x00007ffbda170000 - 0x00007ffbda2bf000 	C:\Windows\system32\GDI32.dll
0x00007ffbd7420000 - 0x00007ffbd7435000 	C:\Windows\SYSTEM32\profapi.dll
0x00007ffbd57e0000 - 0x00007ffbd5892000 	C:\Windows\SYSTEM32\SHCORE.dll
0x00007ffbd9810000 - 0x00007ffbd9846000 	C:\Windows\system32\IMM32.DLL
0x00007ffbd9500000 - 0x00007ffbd9652000 	C:\Windows\system32\MSCTF.dll
0x00007ffbd5140000 - 0x00007ffbd53ba000 	C:\Windows\WinSxS\amd64_microsoft.windows.common-controls_6595b64144ccf1df_6.0.9600.17810_none_6240b9c7ecbd0bda\COMCTL32.dll
0x000000005e5d0000 - 0x000000005e6a2000 	C:\Program Files\Java\jdk1.8.0_60\jre\bin\msvcr100.dll
0x000000005ea20000 - 0x000000005f2a9000 	C:\Program Files\Java\jdk1.8.0_60\jre\bin\server\jvm.dll
0x00007ffbd3040000 - 0x00007ffbd3049000 	C:\Windows\SYSTEM32\WSOCK32.dll
0x00007ffbd2320000 - 0x00007ffbd2342000 	C:\Windows\SYSTEM32\WINMM.dll
0x00007ffbd14b0000 - 0x00007ffbd14ba000 	C:\Windows\SYSTEM32\VERSION.dll
0x00007ffbd9660000 - 0x00007ffbd9667000 	C:\Windows\system32\PSAPI.DLL
0x00007ffbd9e40000 - 0x00007ffbd9e9a000 	C:\Windows\system32\WS2_32.dll
0x00007ffbd22f0000 - 0x00007ffbd231a000 	C:\Windows\SYSTEM32\WINMMBASE.dll
0x00007ffbda160000 - 0x00007ffbda169000 	C:\Windows\system32\NSI.dll
0x00007ffbd76c0000 - 0x00007ffbd770f000 	C:\Windows\SYSTEM32\cfgmgr32.dll
0x00007ffbd6210000 - 0x00007ffbd6238000 	C:\Windows\SYSTEM32\DEVOBJ.dll
0x000000005f530000 - 0x000000005f53f000 	C:\Program Files\Java\jdk1.8.0_60\jre\bin\verify.dll
0x000000005f500000 - 0x000000005f529000 	C:\Program Files\Java\jdk1.8.0_60\jre\bin\java.dll
0x000000005ea00000 - 0x000000005ea16000 	C:\Program Files\Java\jdk1.8.0_60\jre\bin\zip.dll

VM Arguments:
jvm_args: -Xmx1024M -Dfile.encoding=windows-1252 -Duser.country=US -Duser.language=en -Duser.variant 
java_command: com.android.dx.command.Main --dex --num-threads=4 --output C:\Users\Eshwanth\AndroidStudioProjects\MyApplication\app\build\intermediates\dex\debug C:\Users\Eshwanth\AndroidStudioProjects\MyApplication\app\build\intermediates\classes\debug C:\Users\Eshwanth\AndroidStudioProjects\MyApplication\app\build\intermediates\pre-dexed\debug\support-annotations-23.0.1-15de3fa329be9533b0d14e25a5f2016736a6fa70.jar C:\Users\Eshwanth\AndroidStudioProjects\MyApplication\app\build\intermediates\pre-dexed\debug\internal_impl-23.0.1-fc9be601b2ea990d221c3b65f0791206693e3222.jar C:\Users\Eshwanth\AndroidStudioProjects\MyApplication\app\build\intermediates\pre-dexed\debug\classes-f9279f849eafe5eee214b17a5e7a29eb9bbb399f.jar C:\Users\Eshwanth\AndroidStudioProjects\MyApplication\app\build\intermediates\pre-dexed\debug\Parse-1.10.2-bd3001494a461a1af51b9233e3ace8746f6d4940.jar C:\Users\Eshwanth\AndroidStudioProjects\MyApplication\app\build\intermediates\pre-dexed\debug\classes-e477fbe6827562f2841ab6e164a2c8dddb434b8c.jar
java_class_path (initial): C:\Users\Eshwanth\AppData\Local\Android\sdk\build-tools\23.0.1\lib\dx.jar
Launcher Type: SUN_STANDARD

Environment Variables:
PATH=C:\ProgramData\Oracle\Java\javapath;C:\Windows\system32;C:\Windows;C:\Windows\System32\Wbem;C:\Windows\System32\WindowsPowerShell\v1.0\;C:\Program Files (x86)\Skype\Phone\
USERNAME=Eshwanth
OS=Windows_NT
PROCESSOR_IDENTIFIER=Intel64 Family 6 Model 69 Stepping 1, GenuineIntel



---------------  S Y S T E M  ---------------

OS: Windows 8.1 , 64 bit Build 9600 (6.3.9600.17415)

CPU:total 4 (2 cores per cpu, 2 threads per core) family 6 model 69 stepping 1, cmov, cx8, fxsr, mmx, sse, sse2, sse3, ssse3, sse4.1, sse4.2, popcnt, avx, avx2, aes, clmul, erms, lzcnt, ht, tsc, tscinvbit, bmi1, bmi2

Memory: 4k page, physical 4096172k(135180k free), swap 7241900k(6016k free)

vm_info: Java HotSpot(TM) 64-Bit Server VM (25.60-b23) for windows-amd64 JRE (1.8.0_60-b27), built on Aug  4 2015 11:06:27 by "java_re" with MS VC++ 10.0 (VS2010)

time: Sun Nov 01 00:03:17 2015
elapsed time: 2 seconds (0d 0h 0m 2s)

